<?xml version="1.0" encoding="UTF-8"?>
<!-- Generated by org.testng.reporters.JUnitReportReporter -->
<testsuite skipped="0" hostname="Parna" name="com.org.test.BgeHomePageTest" tests="1" failures="0" timestamp="30 Jan 2020 06:42:39 GMT" time="22.099" errors="0">
  <testcase name="testLogin" time="22.099" classname="com.org.test.BgeHomePageTest"/>
</testsuite> <!-- com.org.test.BgeHomePageTest -->
